#
# A fatal error has been detected by the Java Runtime Environment:
#
#  EXCEPTION_ACCESS_VIOLATION (0xc0000005) at pc=0x000000005e843798, pid=653376, tid=653512
#
# JRE version: Java(TM) SE Runtime Environment (8.0_91-b14) (build 1.8.0_91-b14)
# Java VM: Java HotSpot(TM) 64-Bit Server VM (25.91-b14 mixed mode windows-amd64 compressed oops)
# Problematic frame:
# V  [jvm.dll+0x113798]
#
# Failed to write core dump. Minidumps are not enabled by default on client versions of Windows
#
# If you would like to submit a bug report, please visit:
#   http://bugreport.java.com/bugreport/crash.jsp
#

---------------  T H R E A D  ---------------

Current thread (0x0000000002448800):  GCTaskThread [stack: 0x0000000003460000,0x0000000003560000] [id=653512]

siginfo: ExceptionCode=0xc0000005, reading address 0xffffffffffffffff

Registers:
RAX=0x0000000003af0000, RBX=0x0000000000010000, RCX=0x0000000000000000, RDX=0x0000000000000000
RSP=0x000000000355f860, RBP=0x00000000da9c5bac, RSI=0x0000000006691520, RDI=0x0000000006691520
R8 =0x007fffffffa00080, R9 =0x000000001e1a39e8, R10=0x000000000000000c, R11=0x000000005ed299b8
R12=0x00000000da9c5bc0, R13=0x000000001e1a3df0, R14=0x000000001e1a3df8, R15=0x00000000da9c5ba0
RIP=0x000000005e843798, EFLAGS=0x0000000000010246

Top of Stack: (sp=0x000000000355f860)
0x000000000355f860:   000000001e1a39e8 00000000da9c5be0
0x000000000355f870:   0000000000000002 000000005e94bab2
0x000000000355f880:   0000000000000000 00000000000003d8
0x000000000355f890:   0000000002448ec8 000000000243e640
0x000000000355f8a0:   0000000000000d7c 000000005eb23a40
0x000000000355f8b0:   00000000072a6c28 00000000024774c0
0x000000000355f8c0:   0000000006691520 0000000002448af0
0x000000000355f8d0:   0000000000000000 0000000000000c00
0x000000000355f8e0:   0000000000000000 0000000000000000
0x000000000355f8f0:   0000000000000000 000000000d867800
0x000000000355f900:   0000000000000001 000000005eb2bd01
0x000000000355f910:   00006da355ae9c03 0000000002448ec8
0x000000000355f920:   0000000002448af0 00000000000003d8
0x000000000355f930:   0000000002448af0 000000000243e640
0x000000000355f940:   0000000002448ae0 00000000024774c0
0x000000000355f950:   0000000006691520 000000005eb209b3 

Instructions: (pc=0x000000005e843798)
0x000000005e843778:   05 f3 f7 6f 00 49 c1 e8 03 49 d3 e8 41 0f b6 c0
0x000000005e843788:   49 c1 e8 06 24 3f 0f b6 d0 48 8b 05 08 f8 6f 00
0x000000005e843798:   4a 8b 0c c0 48 0f a3 d1 0f 82 59 01 00 00 0f b6
0x000000005e8437a8:   15 84 04 6f 00 84 d2 74 16 44 8b 43 08 8b 0d e5 


Register to memory mapping:

RAX=0x0000000003af0000 is an unknown value
RBX=0x0000000000010000 is an unknown value
RCX=0x0000000000000000 is an unknown value
RDX=0x0000000000000000 is an unknown value
RSP=0x000000000355f860 is an unknown value
RBP=0x00000000da9c5bac is pointing into object: 0x00000000da9c5ba0
com.android.jack.ir.ast.JLocalRef 
 - klass: 'com/android/jack/ir/ast/JLocalRef'
RSI=0x0000000006691520 is an unknown value
RDI=0x0000000006691520 is an unknown value
R8 =0x007fffffffa00080 is an unknown value
R9 =0x000000001e1a39e8 is pointing into metadata
R10=0x000000000000000c is an unknown value
R11=0x000000005ed299b8 is an unknown value
R12=0x00000000da9c5bc0 is an oop
java.lang.Object 
 - klass: 'java/lang/Object'
R13=0x000000001e1a3df0 is pointing into metadata
R14=0x000000001e1a3df8 is pointing into metadata
R15=0x00000000da9c5ba0 is an oop
com.android.jack.ir.ast.JLocalRef 
 - klass: 'com/android/jack/ir/ast/JLocalRef'


Stack: [0x0000000003460000,0x0000000003560000],  sp=0x000000000355f860,  free space=1022k
Native frames: (J=compiled Java code, j=interpreted, Vv=VM code, C=native code)
V  [jvm.dll+0x113798]
V  [jvm.dll+0x3f3a40]
V  [jvm.dll+0x3f09b3]
V  [jvm.dll+0x3ee81e]
V  [jvm.dll+0x29a99a]
C  [msvcr100.dll+0x21d9f]
C  [msvcr100.dll+0x21e3b]
C  [kernel32.dll+0x159cd]
C  [ntdll.dll+0x2a561]


---------------  P R O C E S S  ---------------

Java Threads: ( => current thread )
  0x000000000d86a000 JavaThread "config-0-worker-7" daemon [_thread_blocked, id=654552, stack(0x000000000edc0000,0x000000000efc0000)]
  0x000000000d869000 JavaThread "config-0-worker-6" daemon [_thread_blocked, id=654536, stack(0x000000000ca50000,0x000000000cc50000)]
  0x000000000d868800 JavaThread "config-0-worker-5" daemon [_thread_blocked, id=654524, stack(0x000000000ea10000,0x000000000ec10000)]
  0x000000000d867800 JavaThread "config-0-worker-4" daemon [_thread_blocked, id=654532, stack(0x000000000e780000,0x000000000e980000)]
  0x000000000d867000 JavaThread "config-0-worker-3" daemon [_thread_blocked, id=654508, stack(0x000000000e560000,0x000000000e760000)]
  0x000000000d866000 JavaThread "config-0-worker-2" daemon [_thread_blocked, id=654496, stack(0x000000000e2c0000,0x000000000e4c0000)]
  0x000000000d865800 JavaThread "config-0-worker-1" daemon [_thread_blocked, id=654504, stack(0x000000000cef0000,0x000000000d0f0000)]
  0x000000000d864800 JavaThread "config-0-worker-0" daemon [_thread_blocked, id=654488, stack(0x000000000c7d0000,0x000000000c9d0000)]
  0x0000000009e61800 JavaThread "Jack reporter" [_thread_blocked, id=654000, stack(0x000000000b300000,0x000000000b400000)]
  0x000000000773e800 JavaThread "Service Thread" daemon [_thread_blocked, id=653644, stack(0x0000000009420000,0x0000000009520000)]
  0x00000000076fb800 JavaThread "C1 CompilerThread3" daemon [_thread_blocked, id=653632, stack(0x0000000009150000,0x0000000009250000)]
  0x00000000076c8000 JavaThread "C2 CompilerThread2" daemon [_thread_blocked, id=653640, stack(0x0000000008e30000,0x0000000008f30000)]
  0x00000000066ec000 JavaThread "C2 CompilerThread1" daemon [_thread_blocked, id=653620, stack(0x0000000008fb0000,0x00000000090b0000)]
  0x0000000007696800 JavaThread "C2 CompilerThread0" daemon [_thread_blocked, id=653608, stack(0x0000000008ce0000,0x0000000008de0000)]
  0x0000000007695000 JavaThread "Attach Listener" daemon [_thread_blocked, id=653616, stack(0x0000000008740000,0x0000000008840000)]
  0x0000000007680000 JavaThread "Signal Dispatcher" daemon [_thread_blocked, id=653600, stack(0x0000000008b10000,0x0000000008c10000)]
  0x00000000066e2000 JavaThread "Finalizer" daemon [_thread_blocked, id=648420, stack(0x0000000008a10000,0x0000000008b10000)]
  0x00000000066da000 JavaThread "Reference Handler" daemon [_thread_blocked, id=653572, stack(0x00000000088c0000,0x00000000089c0000)]
  0x000000000242b000 JavaThread "main" [_thread_blocked, id=653464, stack(0x00000000026c0000,0x00000000027c0000)]

Other Threads:
  0x0000000007632800 VMThread [stack: 0x00000000085d0000,0x00000000086d0000] [id=653556]
  0x0000000007721800 WatcherThread [stack: 0x0000000009630000,0x0000000009730000] [id=653660]

=>0x0000000002448800 (exited) GCTaskThread [stack: 0x0000000003460000,0x0000000003560000] [id=653512]

VM state:at safepoint (normal execution)

VM Mutex/Monitor currently owned by a thread:  ([mutex/lock_event])
[0x0000000002428900] Threads_lock - owner thread: 0x0000000007632800
[0x0000000002428e00] Heap_lock - owner thread: 0x000000000d868800

Heap:
 PSYoungGen      total 232960K, used 116736K [0x00000000eab00000, 0x0000000100000000, 0x0000000100000000)
  eden space 116736K, 100% used [0x00000000eab00000,0x00000000f1d00000,0x00000000f1d00000)
  from space 116224K, 0% used [0x00000000f1d00000,0x00000000f1d00000,0x00000000f8e80000)
  to   space 116224K, 0% used [0x00000000f8e80000,0x00000000f8e80000,0x0000000100000000)
 ParOldGen       total 699392K, used 699139K [0x00000000c0000000, 0x00000000eab00000, 0x00000000eab00000)
  object space 699392K, 99% used [0x00000000c0000000,0x00000000eaac0d58,0x00000000eab00000)
 Metaspace       used 23842K, capacity 24022K, committed 24192K, reserved 1071104K
  class space    used 2806K, capacity 2867K, committed 2944K, reserved 1048576K

Card table byte_map: [0x0000000002b80000,0x0000000002d90000] byte_map_base: 0x0000000002580000

Marking Bits: (ParMarkBitMap*) 0x000000005ef42f70
 Begin Bits: [0x0000000003af0000, 0x0000000004af0000)
 End Bits:   [0x0000000004af0000, 0x0000000005af0000)

Polling page: 0x0000000000460000

CodeCache: size=245760Kb used=12936Kb max_used=13208Kb free=232823Kb
 bounds [0x000000000f010000, 0x000000000fd10000, 0x000000001e010000]
 total_blobs=4822 nmethods=4438 adapters=293
 compilation: enabled

Compilation events (10 events):
Event: 44.298 Thread 0x00000000076fb800 6011       3       java.lang.ref.Reference$ReferenceHandler::run (8 bytes)
Event: 44.298 Thread 0x00000000076fb800 nmethod 6011 0x000000000f8a5b10 code [0x000000000f8a5c80, 0x000000000f8a5e68]
Event: 44.298 Thread 0x00000000076fb800 6012   !   3       java.lang.ref.Finalizer$FinalizerThread::run (55 bytes)
Event: 44.299 Thread 0x00000000076fb800 nmethod 6012 0x000000000f523310 code [0x000000000f523540, 0x000000000f5241e8]
Event: 44.299 Thread 0x00000000076fb800 6013       1       com.android.jack.ir.ast.JPrimitiveType$JDoubleType::getPrimitiveTypeEnum (4 bytes)
Event: 44.299 Thread 0x00000000076fb800 nmethod 6013 0x000000000fb85990 code [0x000000000fb85ae0, 0x000000000fb85bf0]
Event: 44.305 Thread 0x00000000076fb800 6014       1       com.android.jack.jayce.v0004.nodes.NLtOperation::getToken (4 bytes)
Event: 44.305 Thread 0x00000000076fb800 nmethod 6014 0x000000000f6eb610 code [0x000000000f6eb760, 0x000000000f6eb870]
Event: 44.308 Thread 0x0000000007696800 6015       4       com.android.jack.lookup.JMethodWithReturnLookupException::<init> (22 bytes)
Event: 44.310 Thread 0x0000000007696800 nmethod 6015 0x000000000f5c1790 code [0x000000000f5c18e0, 0x000000000f5c1c68]

GC Heap History (10 events):
Event: 31.173 GC heap after
Heap after GC invocations=33 (full 8):
 PSYoungGen      total 232960K, used 53020K [0x00000000eab00000, 0x0000000100000000, 0x0000000100000000)
  eden space 116736K, 45% used [0x00000000eab00000,0x00000000edec7368,0x00000000f1d00000)
  from space 116224K, 0% used [0x00000000f1d00000,0x00000000f1d00000,0x00000000f8e80000)
  to   space 116224K, 0% used [0x00000000f8e80000,0x00000000f8e80000,0x0000000100000000)
 ParOldGen       total 699392K, used 698935K [0x00000000c0000000, 0x00000000eab00000, 0x00000000eab00000)
  object space 699392K, 99% used [0x00000000c0000000,0x00000000eaa8df58,0x00000000eab00000)
 Metaspace       used 23830K, capacity 24022K, committed 24192K, reserved 1071104K
  class space    used 2805K, capacity 2867K, committed 2944K, reserved 1048576K
}
Event: 31.224 GC heap before
{Heap before GC invocations=34 (full 9):
 PSYoungGen      total 232960K, used 116736K [0x00000000eab00000, 0x0000000100000000, 0x0000000100000000)
  eden space 116736K, 100% used [0x00000000eab00000,0x00000000f1d00000,0x00000000f1d00000)
  from space 116224K, 0% used [0x00000000f1d00000,0x00000000f1d00000,0x00000000f8e80000)
  to   space 116224K, 0% used [0x00000000f8e80000,0x00000000f8e80000,0x0000000100000000)
 ParOldGen       total 699392K, used 698962K [0x00000000c0000000, 0x00000000eab00000, 0x00000000eab00000)
  object space 699392K, 99% used [0x00000000c0000000,0x00000000eaa94ad8,0x00000000eab00000)
 Metaspace       used 23834K, capacity 24022K, committed 24192K, reserved 1071104K
  class space    used 2805K, capacity 2867K, committed 2944K, reserved 1048576K
Event: 34.730 GC heap after
Heap after GC invocations=34 (full 9):
 PSYoungGen      total 232960K, used 71654K [0x00000000eab00000, 0x0000000100000000, 0x0000000100000000)
  eden space 116736K, 61% used [0x00000000eab00000,0x00000000ef0f99f0,0x00000000f1d00000)
  from space 116224K, 0% used [0x00000000f1d00000,0x00000000f1d00000,0x00000000f8e80000)
  to   space 116224K, 0% used [0x00000000f8e80000,0x00000000f8e80000,0x0000000100000000)
 ParOldGen       total 699392K, used 698980K [0x00000000c0000000, 0x00000000eab00000, 0x00000000eab00000)
  object space 699392K, 99% used [0x00000000c0000000,0x00000000eaa99258,0x00000000eab00000)
 Metaspace       used 23834K, capacity 24022K, committed 24192K, reserved 1071104K
  class space    used 2805K, capacity 2867K, committed 2944K, reserved 1048576K
}
Event: 34.777 GC heap before
{Heap before GC invocations=35 (full 10):
 PSYoungGen      total 232960K, used 116736K [0x00000000eab00000, 0x0000000100000000, 0x0000000100000000)
  eden space 116736K, 100% used [0x00000000eab00000,0x00000000f1d00000,0x00000000f1d00000)
  from space 116224K, 0% used [0x00000000f1d00000,0x00000000f1d00000,0x00000000f8e80000)
  to   space 116224K, 0% used [0x00000000f8e80000,0x00000000f8e80000,0x0000000100000000)
 ParOldGen       total 699392K, used 698983K [0x00000000c0000000, 0x00000000eab00000, 0x00000000eab00000)
  object space 699392K, 99% used [0x00000000c0000000,0x00000000eaa99d78,0x00000000eab00000)
 Metaspace       used 23840K, capacity 24022K, committed 24192K, reserved 1071104K
  class space    used 2805K, capacity 2867K, committed 2944K, reserved 1048576K
Event: 38.288 GC heap after
Heap after GC invocations=35 (full 10):
 PSYoungGen      total 232960K, used 78514K [0x00000000eab00000, 0x0000000100000000, 0x0000000100000000)
  eden space 116736K, 67% used [0x00000000eab00000,0x00000000ef7acb48,0x00000000f1d00000)
  from space 116224K, 0% used [0x00000000f1d00000,0x00000000f1d00000,0x00000000f8e80000)
  to   space 116224K, 0% used [0x00000000f8e80000,0x00000000f8e80000,0x0000000100000000)
 ParOldGen       total 699392K, used 699104K [0x00000000c0000000, 0x00000000eab00000, 0x00000000eab00000)
  object space 699392K, 99% used [0x00000000c0000000,0x00000000eaab8178,0x00000000eab00000)
 Metaspace       used 23840K, capacity 24022K, committed 24192K, reserved 1071104K
  class space    used 2805K, capacity 2867K, committed 2944K, reserved 1048576K
}
Event: 38.314 GC heap before
{Heap before GC invocations=36 (full 11):
 PSYoungGen      total 232960K, used 116736K [0x00000000eab00000, 0x0000000100000000, 0x0000000100000000)
  eden space 116736K, 100% used [0x00000000eab00000,0x00000000f1d00000,0x00000000f1d00000)
  from space 116224K, 0% used [0x00000000f1d00000,0x00000000f1d00000,0x00000000f8e80000)
  to   space 116224K, 0% used [0x00000000f8e80000,0x00000000f8e80000,0x0000000100000000)
 ParOldGen       total 699392K, used 699104K [0x00000000c0000000, 0x00000000eab00000, 0x00000000eab00000)
  object space 699392K, 99% used [0x00000000c0000000,0x00000000eaab8178,0x00000000eab00000)
 Metaspace       used 23842K, capacity 24022K, committed 24192K, reserved 1071104K
  class space    used 2806K, capacity 2867K, committed 2944K, reserved 1048576K
Event: 41.118 GC heap after
Heap after GC invocations=36 (full 11):
 PSYoungGen      total 232960K, used 89495K [0x00000000eab00000, 0x0000000100000000, 0x0000000100000000)
  eden space 116736K, 76% used [0x00000000eab00000,0x00000000f0265d40,0x00000000f1d00000)
  from space 116224K, 0% used [0x00000000f1d00000,0x00000000f1d00000,0x00000000f8e80000)
  to   space 116224K, 0% used [0x00000000f8e80000,0x00000000f8e80000,0x0000000100000000)
 ParOldGen       total 699392K, used 699387K [0x00000000c0000000, 0x00000000eab00000, 0x00000000eab00000)
  object space 699392K, 99% used [0x00000000c0000000,0x00000000eaafec58,0x00000000eab00000)
 Metaspace       used 23842K, capacity 24022K, committed 24192K, reserved 1071104K
  class space    used 2806K, capacity 2867K, committed 2944K, reserved 1048576K
}
Event: 41.147 GC heap before
{Heap before GC invocations=37 (full 12):
 PSYoungGen      total 232960K, used 116736K [0x00000000eab00000, 0x0000000100000000, 0x0000000100000000)
  eden space 116736K, 100% used [0x00000000eab00000,0x00000000f1d00000,0x00000000f1d00000)
  from space 116224K, 0% used [0x00000000f1d00000,0x00000000f1d00000,0x00000000f8e80000)
  to   space 116224K, 0% used [0x00000000f8e80000,0x00000000f8e80000,0x0000000100000000)
 ParOldGen       total 699392K, used 699391K [0x00000000c0000000, 0x00000000eab00000, 0x00000000eab00000)
  object space 699392K, 99% used [0x00000000c0000000,0x00000000eaafffe0,0x00000000eab00000)
 Metaspace       used 23842K, capacity 24022K, committed 24192K, reserved 1071104K
  class space    used 2806K, capacity 2867K, committed 2944K, reserved 1048576K
Event: 44.298 GC heap after
Heap after GC invocations=37 (full 12):
 PSYoungGen      total 232960K, used 94507K [0x00000000eab00000, 0x0000000100000000, 0x0000000100000000)
  eden space 116736K, 80% used [0x00000000eab00000,0x00000000f074adc8,0x00000000f1d00000)
  from space 116224K, 0% used [0x00000000f1d00000,0x00000000f1d00000,0x00000000f8e80000)
  to   space 116224K, 0% used [0x00000000f8e80000,0x00000000f8e80000,0x0000000100000000)
 ParOldGen       total 699392K, used 699137K [0x00000000c0000000, 0x00000000eab00000, 0x00000000eab00000)
  object space 699392K, 99% used [0x00000000c0000000,0x00000000eaac04a0,0x00000000eab00000)
 Metaspace       used 23842K, capacity 24022K, committed 24192K, reserved 1071104K
  class space    used 2806K, capacity 2867K, committed 2944K, reserved 1048576K
}
Event: 44.318 GC heap before
{Heap before GC invocations=38 (full 13):
 PSYoungGen      total 232960K, used 116736K [0x00000000eab00000, 0x0000000100000000, 0x0000000100000000)
  eden space 116736K, 100% used [0x00000000eab00000,0x00000000f1d00000,0x00000000f1d00000)
  from space 116224K, 0% used [0x00000000f1d00000,0x00000000f1d00000,0x00000000f8e80000)
  to   space 116224K, 0% used [0x00000000f8e80000,0x00000000f8e80000,0x0000000100000000)
 ParOldGen       total 699392K, used 699139K [0x00000000c0000000, 0x00000000eab00000, 0x00000000eab00000)
  object space 699392K, 99% used [0x00000000c0000000,0x00000000eaac0d58,0x00000000eab00000)
 Metaspace       used 23842K, capacity 24022K, committed 24192K, reserved 1071104K
  class space    used 2806K, capacity 2867K, committed 2944K, reserved 1048576K

Deoptimization events (10 events):
Event: 12.735 Thread 0x000000000d864800 Uncommon trap: reason=class_check action=maybe_recompile pc=0x000000000fc64b30 method=com.android.jack.lookup.JLookup.getType(Ljava/lang/String;Lcom/android/jack/lookup/JLookup$Adapter;)Lcom/android/jack/ir/ast/JType; @ 91
Event: 12.783 Thread 0x000000000d864800 Uncommon trap: reason=class_check action=maybe_recompile pc=0x000000000fbce90c method=com.android.jack.ir.ast.JDefinedClassOrInterface.getFieldId(Ljava/lang/String;Lcom/android/jack/ir/ast/JType;Lcom/android/jack/ir/ast/FieldKind;)Lcom/android/jack/ir/ast/<nzì·)@
Event: 12.859 Thread 0x000000000d866000 Uncommon trap: reason=unstable_if action=reinterpret pc=0x000000000fbcd06c method=com.android.jack.jayce.v0004.NodeFactory$Creator.visit(Lcom/android/jack/ir/ast/JBinaryOperation;)Z @ 571
Event: 19.733 Thread 0x000000000d869000 Uncommon trap: reason=unstable_if action=reinterpret pc=0x000000000fc5a5bc method=java.util.concurrent.ConcurrentHashMap$ForwardingNode.find(ILjava/lang/Object;)Ljava/util/concurrent/ConcurrentHashMap$Node; @ 74
Event: 19.733 Thread 0x000000000d869000 Uncommon trap: reason=unstable_if action=reinterpret pc=0x000000000fc4d160 method=java.util.concurrent.ConcurrentHashMap$ForwardingNode.find(ILjava/lang/Object;)Ljava/util/concurrent/ConcurrentHashMap$Node; @ 74
Event: 31.196 Thread 0x000000000d866000 Uncommon trap: reason=unstable_if action=reinterpret pc=0x000000000f41abb4 method=com.android.jack.util.StringUtils.stringToUtf8Bytes(Ljava/lang/String;)[B @ 32
Event: 34.756 Thread 0x000000000d869000 Uncommon trap: reason=class_check action=maybe_recompile pc=0x000000000f6d3a9c method=com.android.jack.jayce.v0004.nodes.NEqOperation.importFromJast(Lcom/android/jack/jayce/v0004/io/ImportHelper;Ljava/lang/Object;)V @ 14
Event: 34.756 Thread 0x000000000d869000 Uncommon trap: reason=unstable_if action=reinterpret pc=0x000000000f94a69c method=com.android.jack.jayce.v0004.NodeFactory.createNNode(Ljava/lang/Object;)Lcom/android/jack/jayce/v0004/NNode; @ 43
Event: 34.757 Thread 0x000000000d869000 Uncommon trap: reason=unstable_if action=reinterpret pc=0x000000000f1456a4 method=com.android.jack.jayce.v0004.NodeFactory.createNNode(Ljava/lang/Object;)Lcom/android/jack/jayce/v0004/NNode; @ 43
Event: 41.139 Thread 0x000000000d865800 Uncommon trap: reason=class_check action=maybe_recompile pc=0x000000000fcb0fc8 method=com.android.jack.lookup.JPhantomLookup.getInterface(Ljava/lang/String;)Lcom/android/jack/ir/ast/JInterface; @ 9

Internal exceptions (10 events):
Event: 3.074 Thread 0x000000000242b000 Exception <a 'java/lang/ArrayIndexOutOfBoundsException'> (0x00000000ec13be58) thrown at [C:\re\workspace\8-2-build-windows-amd64-cygwin\jdk8u91\6644\hotspot\src\share\vm\runtime\sharedRuntime.cpp, line 605]
Event: 3.076 Thread 0x000000000242b000 Exception <a 'java/lang/ArrayIndexOutOfBoundsException'> (0x00000000ec1473e8) thrown at [C:\re\workspace\8-2-build-windows-amd64-cygwin\jdk8u91\6644\hotspot\src\share\vm\runtime\sharedRuntime.cpp, line 605]
Event: 3.085 Thread 0x000000000242b000 Exception <a 'java/lang/ArrayIndexOutOfBoundsException'> (0x00000000ec1b0698) thrown at [C:\re\workspace\8-2-build-windows-amd64-cygwin\jdk8u91\6644\hotspot\src\share\vm\runtime\sharedRuntime.cpp, line 605]
Event: 4.169 Thread 0x000000000d864000 Implicit null exception at 0x000000000f917e59 to 0x000000000f91f515
Event: 5.571 Thread 0x000000000242b000 Implicit null exception at 0x000000000fb2cea1 to 0x000000000fb2db1d
Event: 5.571 Thread 0x000000000242b000 Implicit null exception at 0x000000000f294f4b to 0x000000000f295511
Event: 5.571 Thread 0x000000000242b000 Implicit null exception at 0x000000000f26a26f to 0x000000000f26a2d5
Event: 5.766 Thread 0x000000000d867800 Implicit null exception at 0x000000000f307b58 to 0x000000000f307c01
Event: 6.294 Thread 0x000000000d869000 Implicit null exception at 0x000000000f29de13 to 0x000000000f29e2d9
Event: 6.754 Thread 0x000000000d866000 Implicit null exception at 0x000000000fb68f81 to 0x000000000fb6f581

Events (10 events):
Event: 41.139 Executing VM operation: RevokeBias
Event: 41.139 Executing VM operation: RevokeBias done
Event: 41.139 Thread 0x000000000d865800 Uncommon trap: trap_request=0xffffffde fr.pc=0x000000000fcb0fc8
Event: 41.139 Thread 0x000000000d865800 DEOPT PACKING pc=0x000000000fcb0fc8 sp=0x000000000d0ee360
Event: 41.139 Thread 0x000000000d865800 DEOPT UNPACKING pc=0x000000000f05582a sp=0x000000000d0ee390 mode 2
Event: 41.146 Executing VM operation: ParallelGCFailedAllocation
Event: 41.146 Executing VM operation: ParallelGCFailedAllocation done
Event: 41.146 Executing VM operation: ParallelGCSystemGC
Event: 44.298 Executing VM operation: ParallelGCSystemGC done
Event: 44.318 Executing VM operation: ParallelGCFailedAllocation


Dynamic libraries:
0x000000013fd70000 - 0x000000013fda7000 	C:\Program Files\Java\jdk1.8.0_91\bin\java.exe
0x00000000776f0000 - 0x000000007789a000 	C:\Windows\SYSTEM32\ntdll.dll
0x00000000774d0000 - 0x00000000775ef000 	C:\Windows\system32\kernel32.dll
0x000007fefd5b0000 - 0x000007fefd61a000 	C:\Windows\system32\KERNELBASE.dll
0x000007feff6a0000 - 0x000007feff77b000 	C:\Windows\system32\ADVAPI32.dll
0x000007fefd940000 - 0x000007fefd9df000 	C:\Windows\system32\msvcrt.dll
0x000007fefe3c0000 - 0x000007fefe3df000 	C:\Windows\SYSTEM32\sechost.dll
0x000007fefda50000 - 0x000007fefdb7d000 	C:\Windows\system32\RPCRT4.dll
0x00000000775f0000 - 0x00000000776ea000 	C:\Windows\system32\USER32.dll
0x000007fefd9e0000 - 0x000007fefda47000 	C:\Windows\system32\GDI32.dll
0x000007feff390000 - 0x000007feff39e000 	C:\Windows\system32\LPK.dll
0x000007feff780000 - 0x000007feff84b000 	C:\Windows\system32\USP10.dll
0x000007fefcbe0000 - 0x000007fefcdd4000 	C:\Windows\WinSxS\amd64_microsoft.windows.common-controls_6595b64144ccf1df_6.0.7601.18837_none_fa3b1e3d17594757\COMCTL32.dll
0x000007fefddd0000 - 0x000007fefde41000 	C:\Windows\system32\SHLWAPI.dll
0x000007feff3a0000 - 0x000007feff3ce000 	C:\Windows\system32\IMM32.DLL
0x000007feff8f0000 - 0x000007feff9f9000 	C:\Windows\system32\MSCTF.dll
0x000007fefd310000 - 0x000007fefd341000 	C:\Windows\system32\nvinitx.dll
0x000007fefd300000 - 0x000007fefd30c000 	C:\Windows\system32\VERSION.dll
0x000000000f000000 - 0x000000000f006000 	C:\Program Files\NVIDIA Corporation\CoProcManager\detoured.dll
0x000007fef9d90000 - 0x000007fef9dc1000 	C:\Program Files\NVIDIA Corporation\CoProcManager\nvd3d9wrapx.dll
0x000007fefdeb0000 - 0x000007fefe087000 	C:\Windows\system32\SETUPAPI.dll
0x000007fefd520000 - 0x000007fefd556000 	C:\Windows\system32\CFGMGR32.dll
0x000007fefe480000 - 0x000007fefe55a000 	C:\Windows\system32\OLEAUT32.dll
0x000007fefdbd0000 - 0x000007fefddcc000 	C:\Windows\system32\ole32.dll
0x000007fefd420000 - 0x000007fefd43a000 	C:\Windows\system32\DEVOBJ.dll
0x000007fef9cb0000 - 0x000007fef9cd2000 	C:\Program Files\NVIDIA Corporation\CoProcManager\nvdxgiwrapx.dll
0x000000005efd0000 - 0x000000005f0a2000 	C:\Program Files\Java\jdk1.8.0_91\jre\bin\msvcr100.dll
0x000000005e730000 - 0x000000005efc3000 	C:\Program Files\Java\jdk1.8.0_91\jre\bin\server\jvm.dll
0x000007feeeef0000 - 0x000007feeeef9000 	C:\Windows\system32\WSOCK32.dll
0x000007fefdb80000 - 0x000007fefdbcd000 	C:\Windows\system32\WS2_32.dll
0x000007fefd7a0000 - 0x000007fefd7a8000 	C:\Windows\system32\NSI.dll
0x000007fefaae0000 - 0x000007fefab1b000 	C:\Windows\system32\WINMM.dll
0x00000000778b0000 - 0x00000000778b7000 	C:\Windows\system32\PSAPI.DLL
0x0000000071c80000 - 0x0000000071c8f000 	C:\Program Files\Java\jdk1.8.0_91\jre\bin\verify.dll
0x000000005e700000 - 0x000000005e729000 	C:\Program Files\Java\jdk1.8.0_91\jre\bin\java.dll
0x0000000071c40000 - 0x0000000071c56000 	C:\Program Files\Java\jdk1.8.0_91\jre\bin\zip.dll
0x000007fefe600000 - 0x000007feff38a000 	C:\Windows\system32\SHELL32.dll
0x000007fefd3f0000 - 0x000007fefd3ff000 	C:\Windows\system32\profapi.dll
0x0000000002090000 - 0x00000000020b4000 	C:\Program Files\Java\jdk1.8.0_91\jre\bin\sunec.dll
0x0000000002060000 - 0x000000000206b000 	C:\Program Files\Java\jdk1.8.0_91\jre\bin\sunmscapi.dll
0x000007fefd630000 - 0x000007fefd79d000 	C:\Windows\system32\CRYPT32.dll
0x000007fefd3e0000 - 0x000007fefd3ef000 	C:\Windows\system32\MSASN1.dll
0x0000000071c70000 - 0x0000000071c7d000 	C:\Program Files\Java\jdk1.8.0_91\jre\bin\management.dll
0x0000000070730000 - 0x000000007074a000 	C:\Program Files\Java\jdk1.8.0_91\jre\bin\net.dll
0x0000000180000000 - 0x000000018008c000 	C:\Windows\system32\ASProxy64.dll
0x000007fefc860000 - 0x000007fefc8b5000 	C:\Windows\system32\MSWSOCK.dll
0x000007fefbd40000 - 0x000007fefbd67000 	C:\Windows\system32\IPHLPAPI.DLL
0x000007fefbd30000 - 0x000007fefbd3b000 	C:\Windows\system32\WINNSI.DLL
0x000007fefd1a0000 - 0x000007fefd1c5000 	C:\Windows\system32\SspiCli.dll
0x000007fefc850000 - 0x000007fefc857000 	C:\Windows\System32\wship6.dll
0x00000000684a0000 - 0x00000000684b1000 	C:\Program Files\Java\jdk1.8.0_91\jre\bin\nio.dll
0x000007fefd230000 - 0x000007fefd23f000 	C:\Windows\system32\CRYPTBASE.dll
0x000007fef8610000 - 0x000007fef8735000 	C:\Windows\system32\dbghelp.dll

VM Arguments:
jvm_args: -Djava.awt.headless=true -Xmx1024M -Dfile.encoding=UTF-8 -Duser.country=CN -Duser.language=zh -Duser.variant 
java_command: com.android.jack.Main -D jack.dex.optimize=true -D jack.reporter=sdk -D jack.dex.debug.vars=true --classpath C:\02_Workspace\06_ZNPOS\20171205\szx2\build\intermediates\transforms\preJackRuntimeLibraries\debug\jars\8000\40\android-e7321731f85184f6318900caba84c07021aee250.jar;C:\02_Workspace\06_ZNPOS\20171205\szx2\build\intermediates\transforms\preJackRuntimeLibraries\debug\jars\8000\40\org.apache.http.legacy-48111c4d59ad50c76293458bdcb253ad082446ac.jar --import C:\02_Workspace\06_ZNPOS\20171205\szx2\build\intermediates\transforms\preJackPackagedLibraries\debug\jars\8000\1f\butterknife-6.1.0-9ac59e371a633ffb85e41b443cb1c669ebde119e.jar --import C:\02_Workspace\06_ZNPOS\20171205\szx2\build\intermediates\transforms\preJackPackagedLibraries\debug\jars\8000\1f\classes-146e63f542657646d42fbc00283f11d7f2c9c625.jar --import C:\02_Workspace\06_ZNPOS\20171205\szx2\build\intermediates\transforms\preJackPackagedLibraries\debug\jars\8000\1f\classes-367c9eb197994afc709256a340cb1ba1a0cf0f84.jar --import C:\02_Workspace\06_ZNPOS\20171205\szx2\build\intermediates\transforms\preJackPackagedLibraries\debug\jars\8000\1f\classes-3d781eaa7490b2b97b02a35f041cb6ccf1466087.jar --import C:\02_Workspace\06_ZNPOS\20171205\szx2\build\intermediates\transforms\preJackPackagedLibraries\debug\jars\8000\1f\classes-3fe8c13d171fe7fc07e125b668de492ab65b9112.jar --import C:\02_Workspace\06_ZNPOS\20171205\szx2\build\intermediates\transforms\preJackPackagedLibraries\debug\jars\8000\1f\classes-4340249a22df8d771e42910461159f653ce08319.jar --import C:\02_Workspace\06_ZNPOS\20171205\szx2\build\intermediates\transforms\preJackPackagedLibraries\debug\jars\8000\1f\classes-4ab9cec38b3a6321b62f350807e575f71c55d94d.jar --import C:\02_Workspace\06_ZNPOS\20171205\szx2\build\intermediates\transforms\preJackPackagedLibraries\debug\jars\8000\1f\classes-4c4b2c738ac745e23f2faeb7a3076a6539ede255.jar --import C:\02_Workspace\06_ZNPOS\20171205\szx2\build\intermediates\transforms\preJackPackagedLibraries\debug\
java_class_path (initial): C:\Users\happen\AppData\Local\Android\sdk\build-tools\26.0.1\jack.jar
Launcher Type: SUN_STANDARD

Environment Variables:
JAVA_HOME=C:\Program Files\Java\jdk1.8.0_91
CLASSPATH=.;C:\Program Files\Java\jdk1.8.0_91\lib\dt.jar;C:\Program Files\Java\jdk1.8.0_91\lib\tools.jar;C:\04_Tools\apache-tomcat-7.0.77\bin\catalina.bat
PATH=C:\app\happen\product\11.2.0\dbhome_2\bin;C:\app\happen\product\11.2.0\dbhome_1\bin;C:\Users\happen\Documents\product\12.2.0\dbhome_1\bin;C:\Program Files\Java\jdk1.8.0_91\bin;C:\Program Files\Java\jdk1.8.0_91\jre\bin;C:\04_Tools\01_androidsdk\sdk\platform-tools;C:\Program Files (x86)\Groovy\Groovy-2.4.11\bin;C:\04_Tools\apache-maven-3.3.9\bin;C:\Program Files\TortoiseSVN\bin;C:\Program Files\MySQL\MySQL Server 5.6\bin;C:\Program Files\Java\jdk1.8.0_91\bin;C:\Program Files\Java\jdk1.8.0_91\jre\bin;C:\Program Files (x86)\Groovy\Groovy-2.4.11\bin
USERNAME=happen
OS=Windows_NT
PROCESSOR_IDENTIFIER=Intel64 Family 6 Model 60 Stepping 3, GenuineIntel



---------------  S Y S T E M  ---------------

OS: Windows 7 , 64 bit Build 7601 (6.1.7601.23915)

CPU:total 8 (4 cores per cpu, 2 threads per core) family 6 model 60 stepping 3, cmov, cx8, fxsr, mmx, sse, sse2, sse3, ssse3, sse4.1, sse4.2, popcnt, avx, avx2, aes, clmul, erms, lzcnt, ht, tsc, tscinvbit, bmi1, bmi2

Memory: 4k page, physical 12260260k(436572k free), swap 24518660k(5174740k free)

vm_info: Java HotSpot(TM) 64-Bit Server VM (25.91-b14) for windows-amd64 JRE (1.8.0_91-b14), built on Apr  1 2016 00:58:32 by "java_re" with MS VC++ 10.0 (VS2010)

time: Tue Dec 05 16:18:18 2017
elapsed time: 44 seconds (0d 0h 0m 44s)

